# JRE version: OpenJDK Runtime Environment Corretto-11.0.10.9.1 (11.0.10+9) (build 11.0.10+9-LTS)
# Java VM: OpenJDK 64-Bit Server VM Corretto-11.0.10.9.1 (11.0.10+9-LTS, mixed mode, tiered, compressed oops, g1 gc, bsd-amd64)
Heap:
 garbage-first heap   total 262144K, used 75569K [0x0000000700000000, 0x0000000800000000)
  region size 1024K, 32 young (32768K), 2 survivors (2048K)
 Metaspace       used 39184K, capacity 40794K, committed 40960K, reserved 1085440K
  class space    used 4889K, capacity 5548K, committed 5632K, reserved 1048576K
GC Heap History (12 events):
Event: 0.839 GC heap before
{Heap before GC invocations=0 (full 0):
 garbage-first heap   total 262144K, used 23552K [0x0000000700000000, 0x0000000800000000)
  region size 1024K, 24 young (24576K), 0 survivors (0K)
 Metaspace       used 13070K, capacity 13470K, committed 13824K, reserved 1060864K
  class space    used 1282K, capacity 1457K, committed 1536K, reserved 1048576K
}
Event: 0.846 GC heap after
{Heap after GC invocations=1 (full 0):
 garbage-first heap   total 262144K, used 4156K [0x0000000700000000, 0x0000000800000000)
  region size 1024K, 3 young (3072K), 3 survivors (3072K)
 Metaspace       used 13070K, capacity 13470K, committed 13824K, reserved 1060864K
  class space    used 1282K, capacity 1457K, committed 1536K, reserved 1048576K
}
Event: 1.546 GC heap before
{Heap before GC invocations=1 (full 0):
 garbage-first heap   total 262144K, used 20540K [0x0000000700000000, 0x0000000800000000)
  region size 1024K, 20 young (20480K), 3 survivors (3072K)
 Metaspace       used 20584K, capacity 21067K, committed 21248K, reserved 1069056K
  class space    used 2234K, capacity 2436K, committed 2560K, reserved 1048576K
}
Event: 1.552 GC heap after
{Heap after GC invocations=2 (full 0):
 garbage-first heap   total 262144K, used 7110K [0x0000000700000000, 0x0000000800000000)
  region size 1024K, 6 young (6144K), 6 survivors (6144K)
 Metaspace       used 20584K, capacity 21067K, committed 21248K, reserved 1069056K
  class space    used 2234K, capacity 2436K, committed 2560K, reserved 1048576K
}
Event: 2.150 GC heap before
{Heap before GC invocations=3 (full 0):
 garbage-first heap   total 262144K, used 27590K [0x0000000700000000, 0x0000000800000000)
  region size 1024K, 27 young (27648K), 6 survivors (6144K)
 Metaspace       used 26758K, capacity 27450K, committed 27520K, reserved 1073152K
  class space    used 3157K, capacity 3448K, committed 3456K, reserved 1048576K
}
Event: 2.157 GC heap after
{Heap after GC invocations=4 (full 0):
 garbage-first heap   total 262144K, used 10553K [0x0000000700000000, 0x0000000800000000)
  region size 1024K, 4 young (4096K), 4 survivors (4096K)
 Metaspace       used 26758K, capacity 27450K, committed 27520K, reserved 1073152K
  class space    used 3157K, capacity 3448K, committed 3456K, reserved 1048576K
}
Event: 16.410 GC heap before
{Heap before GC invocations=4 (full 0):
 garbage-first heap   total 262144K, used 42297K [0x0000000700000000, 0x0000000800000000)
  region size 1024K, 34 young (34816K), 4 survivors (4096K)
 Metaspace       used 34398K, capacity 35599K, committed 35840K, reserved 1081344K
  class space    used 4346K, capacity 4853K, committed 4864K, reserved 1048576K
}
Event: 16.419 GC heap after
{Heap after GC invocations=5 (full 0):
 garbage-first heap   total 262144K, used 15459K [0x0000000700000000, 0x0000000800000000)
  region size 1024K, 7 young (7168K), 7 survivors (7168K)
 Metaspace       used 34398K, capacity 35599K, committed 35840K, reserved 1081344K
  class space    used 4346K, capacity 4853K, committed 4864K, reserved 1048576K
}
Event: 443.843 GC heap before
{Heap before GC invocations=6 (full 0):
 garbage-first heap   total 262144K, used 128099K [0x0000000700000000, 0x0000000800000000)
  region size 1024K, 112 young (114688K), 7 survivors (7168K)
 Metaspace       used 39156K, capacity 40730K, committed 40960K, reserved 1085440K
  class space    used 4886K, capacity 5548K, committed 5632K, reserved 1048576K
}
Event: 443.879 GC heap after
{Heap after GC invocations=7 (full 0):
 garbage-first heap   total 262144K, used 43268K [0x0000000700000000, 0x0000000800000000)
  region size 1024K, 14 young (14336K), 14 survivors (14336K)
 Metaspace       used 39156K, capacity 40730K, committed 40960K, reserved 1085440K
  class space    used 4886K, capacity 5548K, committed 5632K, reserved 1048576K
}
Event: 477.105 GC heap before
{Heap before GC invocations=7 (full 0):
 garbage-first heap   total 262144K, used 44292K [0x0000000700000000, 0x0000000800000000)
  region size 1024K, 15 young (15360K), 14 survivors (14336K)
 Metaspace       used 39179K, capacity 40730K, committed 40960K, reserved 1085440K
  class space    used 4889K, capacity 5548K, committed 5632K, reserved 1048576K
}
Event: 477.132 GC heap after
{Heap after GC invocations=8 (full 0):
 garbage-first heap   total 262144K, used 45873K [0x0000000700000000, 0x0000000800000000)
  region size 1024K, 2 young (2048K), 2 survivors (2048K)
 Metaspace       used 39179K, capacity 40730K, committed 40960K, reserved 1085440K
  class space    used 4889K, capacity 5548K, committed 5632K, reserved 1048576K
}

